
> react-kavia@0.1.0 start
> react-scripts start

(node:572) [DEP_WEBPACK_DEV_SERVER_ON_AFTER_SETUP_MIDDLEWARE] DeprecationWarning: 'onAfterSetupMiddleware' option is deprecated. Please use the 'setupMiddlewares' option.
(Use `node --trace-deprecation ...` to show where the warning was created)
(node:572) [DEP_WEBPACK_DEV_SERVER_ON_BEFORE_SETUP_MIDDLEWARE] DeprecationWarning: 'onBeforeSetupMiddleware' option is deprecated. Please use the 'setupMiddlewares' option.
Starting the development server...

Compiled successfully!

You can now view react-kavia in the browser.

  Local:            http://localhost:3000
  On Your Network:  http://172.17.0.2:3000

Note that the development build is not optimized.
To create a production build, use npm run build.

webpack compiled successfully
Compiling...
Compiled successfully!
webpack compiled successfully
Compiling...
Failed to compile.

Module not found: Error: Can't resolve './pages/HomePage' in '/home/kavia/workspace/code-generation/surfsense-94965-94972/main_container_for_surfsense/src'
ERROR in ./src/App.js 8:0-40
Module not found: Error: Can't resolve './pages/HomePage' in '/home/kavia/workspace/code-generation/surfsense-94965-94972/main_container_for_surfsense/src'

ERROR in ./src/App.js 9:0-52
Module not found: Error: Can't resolve './pages/NewSessionPage' in '/home/kavia/workspace/code-generation/surfsense-94965-94972/main_container_for_surfsense/src'

ERROR in ./src/App.js 10:0-58
Module not found: Error: Can't resolve './pages/SessionDetailPage' in '/home/kavia/workspace/code-generation/surfsense-94965-94972/main_container_for_surfsense/src'

ERROR in ./src/App.js 11:0-42
Module not found: Error: Can't resolve './pages/StatsPage' in '/home/kavia/workspace/code-generation/surfsense-94965-94972/main_container_for_surfsense/src'

webpack compiled with 4 errors
Compiling...
Failed to compile.

Module not found: Error: Can't resolve './pages/HomePage' in '/home/kavia/workspace/code-generation/surfsense-94965-94972/main_container_for_surfsense/src'
ERROR in ./src/App.js 8:0-40
Module not found: Error: Can't resolve './pages/HomePage' in '/home/kavia/workspace/code-generation/surfsense-94965-94972/main_container_for_surfsense/src'

ERROR in ./src/App.js 9:0-52
Module not found: Error: Can't resolve './pages/NewSessionPage' in '/home/kavia/workspace/code-generation/surfsense-94965-94972/main_container_for_surfsense/src'

ERROR in ./src/App.js 10:0-58
Module not found: Error: Can't resolve './pages/SessionDetailPage' in '/home/kavia/workspace/code-generation/surfsense-94965-94972/main_container_for_surfsense/src'

ERROR in ./src/App.js 11:0-42
Module not found: Error: Can't resolve './pages/StatsPage' in '/home/kavia/workspace/code-generation/surfsense-94965-94972/main_container_for_surfsense/src'

webpack compiled with 4 errors
